18-Feb-2016 13:18:47.544 INFO [main] org.apache.catalina.startup.VersionLoggerListener.log Server version:        Apache Tomcat/8.0.30
18-Feb-2016 13:18:47.546 INFO [main] org.apache.catalina.startup.VersionLoggerListener.log Server built:          Dec 1 2015 22:30:46 UTC
18-Feb-2016 13:18:47.546 INFO [main] org.apache.catalina.startup.VersionLoggerListener.log Server number:         8.0.30.0
18-Feb-2016 13:18:47.546 INFO [main] org.apache.catalina.startup.VersionLoggerListener.log OS Name:               Mac OS X
18-Feb-2016 13:18:47.546 INFO [main] org.apache.catalina.startup.VersionLoggerListener.log OS Version:            10.11.3
18-Feb-2016 13:18:47.546 INFO [main] org.apache.catalina.startup.VersionLoggerListener.log Architecture:          x86_64
18-Feb-2016 13:18:47.547 INFO [main] org.apache.catalina.startup.VersionLoggerListener.log Java Home:             /Library/Java/JavaVirtualMachines/jdk1.8.0_65.jdk/Contents/Home/jre
18-Feb-2016 13:18:47.547 INFO [main] org.apache.catalina.startup.VersionLoggerListener.log JVM Version:           1.8.0_65-b17
18-Feb-2016 13:18:47.547 INFO [main] org.apache.catalina.startup.VersionLoggerListener.log JVM Vendor:            Oracle Corporation
18-Feb-2016 13:18:47.547 INFO [main] org.apache.catalina.startup.VersionLoggerListener.log CATALINA_BASE:         /Users/Jacky/Tomcat/apache-tomcat-8.0.30
18-Feb-2016 13:18:47.547 INFO [main] org.apache.catalina.startup.VersionLoggerListener.log CATALINA_HOME:         /Users/Jacky/Tomcat/apache-tomcat-8.0.30
18-Feb-2016 13:18:47.547 INFO [main] org.apache.catalina.startup.VersionLoggerListener.log Command line argument: -Djava.util.logging.config.file=/Users/Jacky/Tomcat/apache-tomcat-8.0.30/conf/logging.properties
18-Feb-2016 13:18:47.547 INFO [main] org.apache.catalina.startup.VersionLoggerListener.log Command line argument: -Djava.util.logging.manager=org.apache.juli.ClassLoaderLogManager
18-Feb-2016 13:18:47.548 INFO [main] org.apache.catalina.startup.VersionLoggerListener.log Command line argument: -Djava.endorsed.dirs=/Users/Jacky/Tomcat/apache-tomcat-8.0.30/endorsed
18-Feb-2016 13:18:47.548 INFO [main] org.apache.catalina.startup.VersionLoggerListener.log Command line argument: -Dcatalina.base=/Users/Jacky/Tomcat/apache-tomcat-8.0.30
18-Feb-2016 13:18:47.548 INFO [main] org.apache.catalina.startup.VersionLoggerListener.log Command line argument: -Dcatalina.home=/Users/Jacky/Tomcat/apache-tomcat-8.0.30
18-Feb-2016 13:18:47.548 INFO [main] org.apache.catalina.startup.VersionLoggerListener.log Command line argument: -Djava.io.tmpdir=/Users/Jacky/Tomcat/apache-tomcat-8.0.30/temp
18-Feb-2016 13:18:47.548 INFO [main] org.apache.catalina.core.AprLifecycleListener.lifecycleEvent The APR based Apache Tomcat Native library which allows optimal performance in production environments was not found on the java.library.path: /Users/Jacky/Library/Java/Extensions:/Library/Java/Extensions:/Network/Library/Java/Extensions:/System/Library/Java/Extensions:/usr/lib/java:.
18-Feb-2016 13:18:47.719 INFO [main] org.apache.coyote.AbstractProtocol.init Initializing ProtocolHandler ["http-nio-8080"]
18-Feb-2016 13:18:47.753 INFO [main] org.apache.tomcat.util.net.NioSelectorPool.getSharedSelector Using a shared selector for servlet write/read
18-Feb-2016 13:18:47.756 INFO [main] org.apache.coyote.AbstractProtocol.init Initializing ProtocolHandler ["ajp-nio-8009"]
18-Feb-2016 13:18:47.758 INFO [main] org.apache.tomcat.util.net.NioSelectorPool.getSharedSelector Using a shared selector for servlet write/read
18-Feb-2016 13:18:47.758 INFO [main] org.apache.catalina.startup.Catalina.load Initialization processed in 656 ms
18-Feb-2016 13:18:47.788 INFO [main] org.apache.catalina.core.StandardService.startInternal Starting service Catalina
18-Feb-2016 13:18:47.788 INFO [main] org.apache.catalina.core.StandardEngine.startInternal Starting Servlet Engine: Apache Tomcat/8.0.30
18-Feb-2016 13:18:47.822 INFO [localhost-startStop-1] org.apache.catalina.startup.HostConfig.deployWAR Deploying web application archive /Users/Jacky/Tomcat/apache-tomcat-8.0.30/webapps/jenkins.war
18-Feb-2016 13:18:52.270 INFO [localhost-startStop-1] org.apache.jasper.servlet.TldScanner.scanJars At least one JAR was scanned for TLDs yet contained no TLDs. Enable debug logging for this logger for a complete list of JARs that were scanned but no TLDs were found in them. Skipping unneeded JARs during scanning can improve startup time and JSP compilation time.
18-Feb-2016 13:18:54.992 INFO [localhost-startStop-1] org.apache.catalina.startup.HostConfig.deployWAR Deployment of web application archive /Users/Jacky/Tomcat/apache-tomcat-8.0.30/webapps/jenkins.war has finished in 7,170 ms
18-Feb-2016 13:18:54.994 INFO [localhost-startStop-1] org.apache.catalina.startup.HostConfig.deployDirectory Deploying web application directory /Users/Jacky/Tomcat/apache-tomcat-8.0.30/webapps/docs
18-Feb-2016 13:18:55.017 INFO [localhost-startStop-1] org.apache.catalina.startup.HostConfig.deployDirectory Deployment of web application directory /Users/Jacky/Tomcat/apache-tomcat-8.0.30/webapps/docs has finished in 24 ms
18-Feb-2016 13:18:55.018 INFO [localhost-startStop-1] org.apache.catalina.startup.HostConfig.deployDirectory Deploying web application directory /Users/Jacky/Tomcat/apache-tomcat-8.0.30/webapps/examples
18-Feb-2016 13:18:55.199 INFO [localhost-startStop-1] org.apache.catalina.startup.HostConfig.deployDirectory Deployment of web application directory /Users/Jacky/Tomcat/apache-tomcat-8.0.30/webapps/examples has finished in 182 ms
18-Feb-2016 13:18:55.199 INFO [localhost-startStop-1] org.apache.catalina.startup.HostConfig.deployDirectory Deploying web application directory /Users/Jacky/Tomcat/apache-tomcat-8.0.30/webapps/host-manager
18-Feb-2016 13:18:55.352 INFO [localhost-startStop-1] org.apache.catalina.startup.HostConfig.deployDirectory Deployment of web application directory /Users/Jacky/Tomcat/apache-tomcat-8.0.30/webapps/host-manager has finished in 153 ms
18-Feb-2016 13:18:55.352 INFO [localhost-startStop-1] org.apache.catalina.startup.HostConfig.deployDirectory Deploying web application directory /Users/Jacky/Tomcat/apache-tomcat-8.0.30/webapps/manager
18-Feb-2016 13:18:55.405 INFO [localhost-startStop-1] org.apache.catalina.startup.HostConfig.deployDirectory Deployment of web application directory /Users/Jacky/Tomcat/apache-tomcat-8.0.30/webapps/manager has finished in 53 ms
18-Feb-2016 13:18:55.405 INFO [localhost-startStop-1] org.apache.catalina.startup.HostConfig.deployDirectory Deploying web application directory /Users/Jacky/Tomcat/apache-tomcat-8.0.30/webapps/ROOT
18-Feb-2016 13:18:55.422 INFO [localhost-startStop-1] org.apache.catalina.startup.HostConfig.deployDirectory Deployment of web application directory /Users/Jacky/Tomcat/apache-tomcat-8.0.30/webapps/ROOT has finished in 16 ms
18-Feb-2016 13:18:55.427 INFO [main] org.apache.coyote.AbstractProtocol.start Starting ProtocolHandler ["http-nio-8080"]
18-Feb-2016 13:18:55.434 INFO [main] org.apache.coyote.AbstractProtocol.start Starting ProtocolHandler ["ajp-nio-8009"]
18-Feb-2016 13:18:55.434 INFO [main] org.apache.catalina.startup.Catalina.start Server startup in 7676 ms
18-Feb-2016 13:18:55.441 INFO [pool-6-thread-2] jenkins.InitReactorRunner$1.onAttained Started initialization
18-Feb-2016 13:19:06.847 INFO [pool-6-thread-8] jenkins.InitReactorRunner$1.onAttained Listed all plugins
18-Feb-2016 13:19:07.392 INFO [pool-6-thread-16] jenkins.InitReactorRunner$1.onAttained Prepared all plugins
18-Feb-2016 13:19:07.433 INFO [pool-6-thread-9] jenkins.InitReactorRunner$1.onAttained Started all plugins
18-Feb-2016 13:19:07.460 INFO [pool-6-thread-5] jenkins.InitReactorRunner$1.onAttained Augmented all extensions
18-Feb-2016 13:19:09.219 INFO [pool-6-thread-1] jenkins.InitReactorRunner$1.onAttained Loaded all jobs
18-Feb-2016 13:19:11.077 INFO [Download metadata thread] hudson.model.AsyncPeriodicWork$1.run Started Download metadata
18-Feb-2016 13:19:11.425 INFO [SSHD.init] org.jenkinsci.main.modules.sshd.SSHD.start Started SSHD at port 58104
18-Feb-2016 13:19:11.425 INFO [pool-6-thread-13] jenkins.InitReactorRunner$1.onAttained Completed initialization
18-Feb-2016 13:19:11.433 INFO [Jenkins UDP 33848 monitoring thread] hudson.UDPBroadcastThread.run Cannot listen to UDP port 33,848, skipping: java.net.SocketException: Can't assign requested address
18-Feb-2016 13:19:11.446 INFO [pool-14-thread-2] jenkins.InitReactorRunner$1.onAttained Started initialization
18-Feb-2016 13:19:11.446 INFO [pool-14-thread-4] jenkins.InitReactorRunner$1.onAttained Listed all plugins
18-Feb-2016 13:19:11.447 INFO [pool-14-thread-8] jenkins.InitReactorRunner$1.onAttained Prepared all plugins
18-Feb-2016 13:19:11.448 INFO [pool-14-thread-10] jenkins.InitReactorRunner$1.onAttained Started all plugins
18-Feb-2016 13:19:11.448 INFO [pool-14-thread-15] jenkins.InitReactorRunner$1.onAttained Augmented all extensions
18-Feb-2016 13:19:11.449 INFO [pool-14-thread-16] jenkins.InitReactorRunner$1.onAttained Loaded all jobs
18-Feb-2016 13:19:11.449 INFO [pool-14-thread-4] jenkins.InitReactorRunner$1.onAttained Completed initialization
18-Feb-2016 13:19:11.450 INFO [Jenkins initialization thread] hudson.WebAppMain$3.run Jenkins is fully up and running
18-Feb-2016 13:19:14.201 INFO [Download metadata thread] hudson.model.UpdateSite.updateData Obtained the latest update center data file for UpdateSource default
18-Feb-2016 13:19:14.558 INFO [Download metadata thread] hudson.model.DownloadService$Downloadable.load Obtained the updated data file for hudson.tasks.Maven.MavenInstaller
18-Feb-2016 13:19:14.887 INFO [Download metadata thread] hudson.model.DownloadService$Downloadable.load Obtained the updated data file for hudson.tasks.Ant.AntInstaller
18-Feb-2016 13:19:16.209 INFO [Download metadata thread] hudson.model.DownloadService$Downloadable.load Obtained the updated data file for hudson.tools.JDKInstaller
18-Feb-2016 13:19:16.212 INFO [Download metadata thread] hudson.model.AsyncPeriodicWork$1.run Finished Download metadata. 5,135 ms
18-Feb-2016 13:29:04.692 INFO [Executor #0 for master : executing Test #1] hudson.model.Run.execute Test #1 main build action completed: SUCCESS
